<?xml version="1.0" encoding="UTF-8"?>
<coverage generated="1642923683791" clover="3.2.0">
  <project timestamp="1642923683792" name="All files">
    <metrics statements="1" coveredstatements="1" conditionals="0" coveredconditionals="0" methods="0" coveredmethods="0" elements="1" coveredelements="1" complexity="0" loc="1" ncloc="1" packages="1" files="1" classes="1"/>
    <file name="App.vue" path="/Users/takuyayasunaga/Playground/vue-lab/vue-unit-test/src/components/App.vue">
      <metrics statements="1" coveredstatements="1" conditionals="0" coveredconditionals="0" methods="0" coveredmethods="0"/>
      <line num="9" count="1" type="stmt"/>
    </file>
  </project>
</coverage>
